{"level":"error","message":"email verfication link failed for","timestamp":"2021-12-13T11:17:38.320Z"}
{"level":"error","message":"email verfication link failed for","timestamp":"2021-12-13T11:17:45.117Z"}
{"level":"error","message":"email verfication link failed for","timestamp":"2021-12-13T11:22:32.520Z"}
{"level":"error","message":"email verfication link failed for","timestamp":"2021-12-13T11:22:56.877Z"}
{"level":"error","message":"email verfication link failed for"}
{"level":"error","message":"email verfication link failed for"}
{"level":"error","message":"email verfication link failed for","timestamp":"2021-12-13T11:30:18.906Z"}
{"level":"error","message":"email verfication link failed for","timestamp":"2021-12-13T11:30:29.046Z"}
{"level":"error","message":"email verfication link failed for","timestamp":"2021-12-13T11:31:51.872Z"}
{"level":"error","message":"email verfication link failed for","timestamp":"2021-12-13T11:32:59.389Z"}
{"level":"error","message":"email verfication link failed forpatah17239.cs@rmkec.ac.in","timestamp":"2021-12-13T12:56:39.549Z"}
{"level":"error","message":"email verfication link failed forpath17239.cs@rmkec.ac.in","timestamp":"2021-12-13T12:57:38.403Z"}
{"level":"error","message":"email verfication link failed forpath17239.cs@rmkec.ac.inz","timestamp":"2021-12-13T13:06:57.235Z"}
{"level":"error","message":"email verfication link failed forpath17239.cs@rmkec.ac.inzz","timestamp":"2021-12-13T13:07:20.696Z"}
{"level":"error","message":"email verfication link failed forsalmankhanprs@gmail.com","timestamp":"2021-12-13T13:12:51.167Z"}
{"level":"error","message":"email verfication link failed forsalmankhanprs@gmail.com","timestamp":"2021-12-13T13:18:54.668Z"}
{"level":"error","message":"email verfication link failed forsalmankhanprs@gmail.com","timestamp":"2021-12-13T13:24:03.011Z"}
{"level":"error","message":"email verfication link failed forsalmankhanprs@gmail.com","timestamp":"2021-12-13T13:31:32.456Z"}
{"level":"error","message":"email verfication link failed forsalmankhanprs@gmail.com","timestamp":"2021-12-13T13:32:20.328Z"}
{"level":"error","message":"email verfication link failed forsalmankhanprs@gmail.com","timestamp":"2021-12-13T13:33:08.988Z"}
{"level":"error","message":"email verfication link failed forsalmankhanprs@gmail.com","timestamp":"2021-12-13T13:36:12.636Z"}
{"level":"error","message":"email verfication link failed forsalmankhanprs@gmail.com","timestamp":"2021-12-13T13:39:41.967Z"}
